<?xml version="1.0" encoding="UTF-8"?>
<testng-results ignored="0" total="1" passed="1" failed="0" skipped="0">
  <reporter-output>
  </reporter-output>
  <suite started-at="2025-04-28T00:09:36 EET" name="Default suite" finished-at="2025-04-28T00:09:52 EET" duration-ms="16619">
    <groups>
    </groups>
    <test started-at="2025-04-28T00:09:36 EET" name="Default test" finished-at="2025-04-28T00:09:52 EET" duration-ms="16619">
      <class name="Test2">
        <test-method is-config="true" signature="mtSetup()[pri:0, instance:Test2@732f29af]" started-at="2025-04-28T00:09:36 EET" name="mtSetup" finished-at="2025-04-28T00:09:37 EET" duration-ms="1603" status="PASS">
          <reporter-output>
          </reporter-output>
        </test-method> <!-- mtSetup -->
        <test-method signature="addOneRandomItem()[pri:0, instance:Test2@732f29af]" started-at="2025-04-28T00:09:37 EET" name="addOneRandomItem" finished-at="2025-04-28T00:09:52 EET" duration-ms="14913" status="PASS">
          <reporter-output>
          </reporter-output>
        </test-method> <!-- addOneRandomItem -->
      </class> <!-- Test2 -->
    </test> <!-- Default test -->
  </suite> <!-- Default suite -->
</testng-results>
